c:\users\fran\desktop\projects\aengine\aengine\x64\debug\vc143.pdb
c:\users\fran\desktop\projects\aengine\aengine\x64\debug\vc143.idb
c:\users\fran\desktop\projects\aengine\aengine\x64\debug\imgui_widgets.obj
c:\users\fran\desktop\projects\aengine\aengine\x64\debug\imgui_tables.obj
c:\users\fran\desktop\projects\aengine\aengine\x64\debug\imgui_impl_sdl.obj
c:\users\fran\desktop\projects\aengine\aengine\x64\debug\imgui_impl_opengl3.obj
c:\users\fran\desktop\projects\aengine\aengine\x64\debug\imgui_draw.obj
c:\users\fran\desktop\projects\aengine\aengine\x64\debug\imgui_demo.obj
c:\users\fran\desktop\projects\aengine\aengine\x64\debug\imgui.obj
c:\users\fran\desktop\projects\aengine\aengine\x64\debug\aewindow.obj
c:\users\fran\desktop\projects\aengine\aengine\x64\debug\aengine.obj
c:\users\fran\desktop\projects\aengine\aengine\x64\debug\glad.obj
c:\users\fran\desktop\projects\aengine\aengine\x64\debug\aecomponent.obj
c:\users\fran\desktop\projects\aengine\x64\debug\aengine.exe
c:\users\fran\desktop\projects\aengine\aengine\x64\debug\aengine.ilk
c:\users\fran\desktop\projects\aengine\x64\debug\aengine.pdb
c:\users\fran\desktop\projects\aengine\aengine\x64\debug\aeevent.obj
c:\users\fran\desktop\projects\aengine\aengine\x64\debug\aengine.tlog\cl.command.1.tlog
c:\users\fran\desktop\projects\aengine\aengine\x64\debug\aengine.tlog\cl.read.1.tlog
c:\users\fran\desktop\projects\aengine\aengine\x64\debug\aengine.tlog\cl.write.1.tlog
c:\users\fran\desktop\projects\aengine\aengine\x64\debug\aengine.tlog\link.command.1.tlog
c:\users\fran\desktop\projects\aengine\aengine\x64\debug\aengine.tlog\link.read.1.tlog
c:\users\fran\desktop\projects\aengine\aengine\x64\debug\aengine.tlog\link.write.1.tlog
